{
  "RSpec": {
    "coverage": {
      "/home/bethanyr/examples/ticketee/app/models/user.rb": [
        1,
        null,
        null,
        null,
        1,
        null,
        null,
        null,
        1,
        null,
        null,
        1,
        1,
        7,
        null,
        null,
        null
      ],
      "/home/bethanyr/examples/ticketee/app/controllers/application_controller.rb": [
        1,
        1,
        1,
        1,
        14,
        14,
        0,
        0,
        null,
        null,
        null
      ],
      "/home/bethanyr/examples/ticketee/app/helpers/application_helper.rb": [
        1,
        1,
        0,
        0,
        0,
        null,
        null,
        null,
        1,
        24,
        null,
        null
      ],
      "/home/bethanyr/examples/ticketee/app/helpers/admin/users_helper.rb": [
        1,
        null
      ],
      "/home/bethanyr/examples/ticketee/app/helpers/projects_helper.rb": [
        1,
        null
      ],
      "/home/bethanyr/examples/ticketee/app/helpers/tickets_helper.rb": [
        1,
        null
      ],
      "/home/bethanyr/examples/ticketee/app/controllers/admin/base_controller.rb": [
        1,
        1,
        1,
        null,
        null,
        null
      ],
      "/home/bethanyr/examples/ticketee/app/controllers/admin/users_controller.rb": [
        1,
        1,
        5,
        null,
        1,
        3,
        null,
        1,
        3,
        3,
        2,
        2,
        null,
        1,
        1,
        null,
        null,
        null
      ],
      "/home/bethanyr/examples/ticketee/app/controllers/projects_controller.rb": [
        1,
        1,
        1,
        1,
        6,
        null,
        1,
        0,
        null,
        1,
        0,
        0,
        0,
        0,
        null,
        0,
        0,
        null,
        null,
        1,
        null,
        null,
        1,
        null,
        null,
        1,
        null,
        0,
        0,
        0,
        0,
        0,
        null,
        null,
        1,
        null,
        0,
        0,
        0,
        null,
        1,
        1,
        0,
        null,
        0,
        null,
        0,
        null,
        null,
        null,
        null
      ],
      "/home/bethanyr/examples/ticketee/app/models/project.rb": [
        1,
        1,
        1,
        1,
        null
      ],
      "/home/bethanyr/examples/ticketee/app/controllers/tickets_controller.rb": [
        1,
        1,
        1,
        1,
        null,
        1,
        0,
        null,
        1,
        0,
        0,
        0,
        0,
        0,
        null,
        0,
        0,
        null,
        null,
        null,
        1,
        null,
        null,
        1,
        null,
        null,
        null,
        1,
        0,
        0,
        0,
        null,
        0,
        0,
        null,
        null,
        null,
        1,
        0,
        0,
        0,
        null,
        null,
        1,
        1,
        0,
        null,
        1,
        0,
        null,
        null,
        null
      ],
      "/home/bethanyr/examples/ticketee/app/models/ticket.rb": [
        1,
        1,
        1,
        1,
        1,
        1,
        null
      ]
    },
    "timestamp": 1374156496
  }
}
